0 verbose cli [
0 verbose cli   '/home/ec2-user/.nvm/versions/node/v17.3.1/bin/node',
0 verbose cli   '/home/ec2-user/.nvm/versions/node/v17.3.1/bin/npm',
0 verbose cli   'install',
0 verbose cli   '--no-audit',
0 verbose cli   '--save',
0 verbose cli   '@testing-library/jest-dom@^5.14.1',
0 verbose cli   '@testing-library/react@^12.0.0',
0 verbose cli   '@testing-library/user-event@^13.2.1',
0 verbose cli   'web-vitals@^2.1.0'
0 verbose cli ]
1 info using npm@8.3.0
2 info using node@v17.3.1
3 timing npm:load:whichnode Completed in 1ms
4 timing config:load:defaults Completed in 2ms
5 timing config:load:file:/home/ec2-user/.nvm/versions/node/v17.3.1/lib/node_modules/npm/npmrc Completed in 15ms
6 timing config:load:builtin Completed in 15ms
7 timing config:load:cli Completed in 3ms
8 timing config:load:env Completed in 1ms
9 timing config:load:file:/home/ec2-user/amplifyapp/.npmrc Completed in 0ms
10 timing config:load:project Completed in 7ms
11 timing config:load:file:/home/ec2-user/.npmrc Completed in 0ms
12 timing config:load:user Completed in 0ms
13 timing config:load:file:/home/ec2-user/.nvm/versions/node/v17.3.1/etc/npmrc Completed in 1ms
14 timing config:load:global Completed in 1ms
15 timing config:load:validate Completed in 0ms
16 timing config:load:credentials Completed in 2ms
17 timing config:load:setEnvs Completed in 1ms
18 timing config:load Completed in 32ms
19 timing npm:load:configload Completed in 32ms
20 timing npm:load:setTitle Completed in 0ms
21 timing config:load:flatten Completed in 3ms
22 timing npm:load:display Completed in 6ms
23 verbose logfile /home/ec2-user/.npm/_logs/2022-01-13T14_44_09_021Z-debug-0.log
24 timing npm:load:logFile Completed in 6ms
25 timing npm:load:timers Completed in 0ms
26 timing npm:load:configScope Completed in 0ms
27 timing npm:load Completed in 45ms
28 timing arborist:ctor Completed in 1ms
29 timing idealTree:init Completed in 1286ms
30 timing idealTree:userRequests Completed in 3ms
31 silly idealTree buildDeps
32 silly fetch manifest @testing-library/jest-dom@^5.14.1
33 timing arborist:ctor Completed in 0ms
34 http fetch GET 200 https://registry.npmjs.org/@testing-library%2fjest-dom 1136ms (cache miss)
35 silly fetch manifest @testing-library/react@^12.0.0
36 http fetch GET 200 https://registry.npmjs.org/@testing-library%2freact 56ms (cache miss)
37 silly fetch manifest react@^17.0.2
38 http fetch GET 200 https://registry.npmjs.org/react 14ms (cache hit)
39 silly fetch manifest react-dom@^17.0.2
40 http fetch GET 200 https://registry.npmjs.org/react-dom 11ms (cache hit)
41 silly fetch manifest @testing-library/user-event@^13.2.1
42 http fetch GET 200 https://registry.npmjs.org/@testing-library%2fuser-event 78ms (cache miss)
43 silly fetch manifest @testing-library/dom@>=7.21.4
44 http fetch GET 200 https://registry.npmjs.org/@testing-library%2fdom 78ms (cache miss)
45 silly fetch manifest web-vitals@^2.1.0
46 http fetch GET 200 https://registry.npmjs.org/web-vitals 48ms (cache miss)
47 silly placeDep ROOT @testing-library/jest-dom@5.16.1 OK for: amplifyapp@0.1.0 want: ^5.14.1
48 silly placeDep ROOT @testing-library/react@12.1.2 OK for: amplifyapp@0.1.0 want: ^12.0.0
49 silly placeDep ROOT @testing-library/user-event@13.5.0 OK for: amplifyapp@0.1.0 want: ^13.2.1
50 silly placeDep ROOT @testing-library/dom@8.11.1 OK for: @testing-library/user-event@13.5.0 want: >=7.21.4
51 silly placeDep ROOT web-vitals@2.1.3 OK for: amplifyapp@0.1.0 want: ^2.1.0
52 silly fetch manifest @types/testing-library__jest-dom@^5.9.1
53 silly fetch manifest aria-query@^5.0.0
54 silly fetch manifest chalk@^3.0.0
55 silly fetch manifest css@^3.0.0
56 silly fetch manifest css.escape@^1.5.1
57 silly fetch manifest dom-accessibility-api@^0.5.6
58 silly fetch manifest redent@^3.0.0
59 silly fetch manifest @types/aria-query@^4.2.0
60 silly fetch manifest chalk@^4.1.0
61 silly fetch manifest dom-accessibility-api@^0.5.9
62 silly fetch manifest lz-string@^1.4.4
63 http fetch GET 200 https://registry.npmjs.org/@types%2ftesting-library__jest-dom 64ms (cache miss)
64 http fetch GET 200 https://registry.npmjs.org/aria-query 66ms (cache hit)
65 http fetch GET 200 https://registry.npmjs.org/chalk 66ms (cache hit)
66 http fetch GET 200 https://registry.npmjs.org/css.escape 79ms (cache miss)
67 http fetch GET 200 https://registry.npmjs.org/css 82ms (cache miss)
68 http fetch GET 200 https://registry.npmjs.org/lz-string 80ms (cache miss)
69 http fetch GET 200 https://registry.npmjs.org/dom-accessibility-api 88ms (cache miss)
70 http fetch GET 200 https://registry.npmjs.org/redent 89ms (cache miss)
71 http fetch GET 200 https://registry.npmjs.org/@types%2faria-query 88ms (cache miss)
72 timing idealTree:#root Completed in 1587ms
73 silly placeDep ROOT @types/aria-query@4.2.2 OK for: @testing-library/dom@8.11.1 want: ^4.2.0
74 silly placeDep node_modules/@testing-library/dom aria-query@5.0.0 OK for: @testing-library/dom@8.11.1 want: ^5.0.0
75 silly placeDep node_modules/@testing-library/dom chalk@4.1.2 OK for: @testing-library/dom@8.11.1 want: ^4.1.0
76 silly placeDep ROOT dom-accessibility-api@0.5.10 OK for: @testing-library/dom@8.11.1 want: ^0.5.9
77 silly placeDep ROOT lz-string@1.4.4 OK for: @testing-library/dom@8.11.1 want: ^1.4.4
78 silly fetch manifest ansi-styles@^4.1.0
79 silly fetch manifest supports-color@^7.1.0
80 http fetch GET 200 https://registry.npmjs.org/ansi-styles 11ms (cache hit)
81 http fetch GET 200 https://registry.npmjs.org/supports-color 18ms (cache hit)
82 timing idealTree:node_modules/@testing-library/dom Completed in 27ms
83 silly placeDep ROOT @types/testing-library__jest-dom@5.14.2 OK for: @testing-library/jest-dom@5.16.1 want: ^5.9.1
84 silly placeDep node_modules/@testing-library/jest-dom aria-query@5.0.0 OK for: @testing-library/jest-dom@5.16.1 want: ^5.0.0
85 silly placeDep node_modules/@testing-library/jest-dom chalk@3.0.0 OK for: @testing-library/jest-dom@5.16.1 want: ^3.0.0
86 silly placeDep ROOT css@3.0.0 OK for: @testing-library/jest-dom@5.16.1 want: ^3.0.0
87 silly placeDep ROOT css.escape@1.5.1 OK for: @testing-library/jest-dom@5.16.1 want: ^1.5.1
88 silly placeDep ROOT redent@3.0.0 OK for: @testing-library/jest-dom@5.16.1 want: ^3.0.0
89 silly fetch manifest @types/jest@*
90 silly fetch manifest source-map@^0.6.1
91 silly fetch manifest source-map-resolve@^0.6.0
92 silly fetch manifest strip-indent@^3.0.0
93 http fetch GET 200 https://registry.npmjs.org/source-map 13ms (cache hit)
94 http fetch GET 200 https://registry.npmjs.org/strip-indent 21ms (cache miss)
95 http fetch GET 200 https://registry.npmjs.org/source-map-resolve 27ms (cache miss)
96 http fetch GET 200 https://registry.npmjs.org/@types%2fjest 40ms (cache miss)
97 timing idealTree:node_modules/@testing-library/jest-dom Completed in 49ms
98 timing idealTree:node_modules/@testing-library/react Completed in 0ms
99 timing idealTree:node_modules/@testing-library/user-event Completed in 0ms
100 timing idealTree:node_modules/@types/aria-query Completed in 0ms
101 silly placeDep ROOT @types/jest@27.4.0 OK for: @types/testing-library__jest-dom@5.14.2 want: *
102 timing idealTree:node_modules/@types/testing-library__jest-dom Completed in 2ms
103 timing idealTree:node_modules/@types/jest Completed in 0ms
104 silly placeDep node_modules/css source-map@0.6.1 OK for: css@3.0.0 want: ^0.6.1
105 silly placeDep ROOT source-map-resolve@0.6.0 OK for: css@3.0.0 want: ^0.6.0
106 silly fetch manifest atob@^2.1.2
107 silly fetch manifest decode-uri-component@^0.2.0
108 http fetch GET 200 https://registry.npmjs.org/decode-uri-component 22ms (cache miss)
109 http fetch GET 200 https://registry.npmjs.org/atob 34ms (cache miss)
110 timing idealTree:node_modules/css Completed in 37ms
111 timing idealTree:node_modules/css.escape Completed in 0ms
112 timing idealTree:node_modules/dom-accessibility-api Completed in 0ms
113 timing idealTree:node_modules/lz-string Completed in 0ms
114 silly placeDep ROOT strip-indent@3.0.0 OK for: redent@3.0.0 want: ^3.0.0
115 silly fetch manifest min-indent@^1.0.0
116 http fetch GET 200 https://registry.npmjs.org/min-indent 20ms (cache miss)
117 timing idealTree:node_modules/redent Completed in 23ms
118 silly placeDep ROOT atob@2.1.2 OK for: source-map-resolve@0.6.0 want: ^2.1.2
119 silly placeDep ROOT decode-uri-component@0.2.0 OK for: source-map-resolve@0.6.0 want: ^0.2.0
120 timing idealTree:node_modules/source-map-resolve Completed in 3ms
121 timing idealTree:node_modules/atob Completed in 0ms
122 timing idealTree:node_modules/decode-uri-component Completed in 0ms
123 silly placeDep ROOT min-indent@1.0.1 OK for: strip-indent@3.0.0 want: ^1.0.0
124 timing idealTree:node_modules/strip-indent Completed in 2ms
125 timing idealTree:node_modules/min-indent Completed in 0ms
126 timing idealTree:node_modules/web-vitals Completed in 0ms
127 timing idealTree:node_modules/@testing-library/dom/node_modules/aria-query Completed in 0ms
128 silly placeDep node_modules/@testing-library/dom ansi-styles@4.3.0 OK for: chalk@4.1.2 want: ^4.1.0
129 silly placeDep node_modules/@testing-library/dom supports-color@7.2.0 OK for: chalk@4.1.2 want: ^7.1.0
130 silly fetch manifest color-convert@^2.0.1
131 silly fetch manifest has-flag@^4.0.0
132 http fetch GET 200 https://registry.npmjs.org/has-flag 7ms (cache hit)
133 http fetch GET 200 https://registry.npmjs.org/color-convert 7ms (cache hit)
134 timing idealTree:node_modules/@testing-library/dom/node_modules/chalk Completed in 14ms
135 silly placeDep node_modules/@testing-library/dom color-convert@2.0.1 OK for: ansi-styles@4.3.0 want: ^2.0.1
136 silly fetch manifest color-name@~1.1.4
137 http fetch GET 200 https://registry.npmjs.org/color-name 4ms (cache hit)
138 timing idealTree:node_modules/@testing-library/dom/node_modules/ansi-styles Completed in 6ms
139 silly placeDep node_modules/@testing-library/dom color-name@1.1.4 OK for: color-convert@2.0.1 want: ~1.1.4
140 timing idealTree:node_modules/@testing-library/dom/node_modules/color-convert Completed in 1ms
141 timing idealTree:node_modules/@testing-library/dom/node_modules/color-name Completed in 0ms
142 silly placeDep node_modules/@testing-library/dom has-flag@4.0.0 OK for: supports-color@7.2.0 want: ^4.0.0
143 timing idealTree:node_modules/@testing-library/dom/node_modules/supports-color Completed in 1ms
144 timing idealTree:node_modules/@testing-library/dom/node_modules/has-flag Completed in 0ms
145 timing idealTree:node_modules/@testing-library/jest-dom/node_modules/aria-query Completed in 0ms
146 silly placeDep node_modules/@testing-library/jest-dom ansi-styles@4.3.0 OK for: chalk@3.0.0 want: ^4.1.0
147 silly placeDep node_modules/@testing-library/jest-dom supports-color@7.2.0 OK for: chalk@3.0.0 want: ^7.1.0
148 timing idealTree:node_modules/@testing-library/jest-dom/node_modules/chalk Completed in 2ms
149 silly placeDep node_modules/@testing-library/jest-dom color-convert@2.0.1 OK for: ansi-styles@4.3.0 want: ^2.0.1
150 timing idealTree:node_modules/@testing-library/jest-dom/node_modules/ansi-styles Completed in 1ms
151 silly placeDep node_modules/@testing-library/jest-dom color-name@1.1.4 OK for: color-convert@2.0.1 want: ~1.1.4
152 timing idealTree:node_modules/@testing-library/jest-dom/node_modules/color-convert Completed in 3ms
153 timing idealTree:node_modules/@testing-library/jest-dom/node_modules/color-name Completed in 1ms
154 silly placeDep node_modules/@testing-library/jest-dom has-flag@4.0.0 OK for: supports-color@7.2.0 want: ^4.0.0
155 timing idealTree:node_modules/@testing-library/jest-dom/node_modules/supports-color Completed in 1ms
156 timing idealTree:node_modules/@testing-library/jest-dom/node_modules/has-flag Completed in 0ms
157 timing idealTree:node_modules/css/node_modules/source-map Completed in 0ms
158 timing idealTree:buildDeps Completed in 1764ms
159 timing idealTree:fixDepFlags Completed in 37ms
160 timing idealTree Completed in 3116ms
161 timing reify:loadTrees Completed in 3117ms
162 timing reify:diffTrees Completed in 49ms
163 silly reify moves {}
164 timing reify:retireShallow Completed in 1ms
165 timing reify:createSparse Completed in 16ms
166 timing reify:loadBundles Completed in 0ms
167 verbose reify failed optional dependency /home/ec2-user/amplifyapp/node_modules/fsevents
168 silly reify mark deleted [ '/home/ec2-user/amplifyapp/node_modules/fsevents' ]
169 timing reifyNode:node_modules/fsevents Completed in 7ms
170 silly tarball no local data for min-indent@https://registry.npmjs.org/min-indent/-/min-indent-1.0.1.tgz. Extracting by manifest.
171 silly tarball no local data for decode-uri-component@https://registry.npmjs.org/decode-uri-component/-/decode-uri-component-0.2.0.tgz. Extracting by manifest.
172 silly tarball no local data for atob@https://registry.npmjs.org/atob/-/atob-2.1.2.tgz. Extracting by manifest.
173 silly tarball no local data for strip-indent@https://registry.npmjs.org/strip-indent/-/strip-indent-3.0.0.tgz. Extracting by manifest.
174 silly tarball no local data for source-map-resolve@https://registry.npmjs.org/source-map-resolve/-/source-map-resolve-0.6.0.tgz. Extracting by manifest.
175 silly tarball no local data for @types/jest@https://registry.npmjs.org/@types/jest/-/jest-27.4.0.tgz. Extracting by manifest.
176 silly tarball no local data for redent@https://registry.npmjs.org/redent/-/redent-3.0.0.tgz. Extracting by manifest.
177 silly tarball no local data for css.escape@https://registry.npmjs.org/css.escape/-/css.escape-1.5.1.tgz. Extracting by manifest.
178 silly tarball no local data for css@https://registry.npmjs.org/css/-/css-3.0.0.tgz. Extracting by manifest.
179 silly tarball no local data for @types/testing-library__jest-dom@https://registry.npmjs.org/@types/testing-library__jest-dom/-/testing-library__jest-dom-5.14.2.tgz. Extracting by manifest.
180 silly tarball no local data for lz-string@https://registry.npmjs.org/lz-string/-/lz-string-1.4.4.tgz. Extracting by manifest.
181 silly tarball no local data for dom-accessibility-api@https://registry.npmjs.org/dom-accessibility-api/-/dom-accessibility-api-0.5.10.tgz. Extracting by manifest.
182 silly tarball no local data for @types/aria-query@https://registry.npmjs.org/@types/aria-query/-/aria-query-4.2.2.tgz. Extracting by manifest.
183 silly tarball no local data for web-vitals@https://registry.npmjs.org/web-vitals/-/web-vitals-2.1.3.tgz. Extracting by manifest.
184 silly tarball no local data for @testing-library/dom@https://registry.npmjs.org/@testing-library/dom/-/dom-8.11.1.tgz. Extracting by manifest.
185 silly tarball no local data for @testing-library/user-event@https://registry.npmjs.org/@testing-library/user-event/-/user-event-13.5.0.tgz. Extracting by manifest.
186 silly tarball no local data for @testing-library/react@https://registry.npmjs.org/@testing-library/react/-/react-12.1.2.tgz. Extracting by manifest.
187 silly tarball no local data for @testing-library/jest-dom@https://registry.npmjs.org/@testing-library/jest-dom/-/jest-dom-5.16.1.tgz. Extracting by manifest.
188 silly tarball no local data for aria-query@https://registry.npmjs.org/aria-query/-/aria-query-5.0.0.tgz. Extracting by manifest.
189 silly tarball no local data for chalk@https://registry.npmjs.org/chalk/-/chalk-3.0.0.tgz. Extracting by manifest.
190 silly tarball no local data for aria-query@https://registry.npmjs.org/aria-query/-/aria-query-5.0.0.tgz. Extracting by manifest.
191 timing reifyNode:node_modules/@testing-library/dom/node_modules/color-name Completed in 526ms
192 timing reifyNode:node_modules/@testing-library/jest-dom/node_modules/color-name Completed in 525ms
193 timing reifyNode:node_modules/@testing-library/dom/node_modules/has-flag Completed in 537ms
194 timing reifyNode:node_modules/@testing-library/jest-dom/node_modules/has-flag Completed in 536ms
195 timing reifyNode:node_modules/@testing-library/dom/node_modules/supports-color Completed in 537ms
196 timing reifyNode:node_modules/@testing-library/jest-dom/node_modules/supports-color Completed in 537ms
197 timing reifyNode:node_modules/@testing-library/dom/node_modules/ansi-styles Completed in 545ms
198 timing reifyNode:node_modules/@testing-library/jest-dom/node_modules/ansi-styles Completed in 544ms
199 timing reifyNode:node_modules/@testing-library/dom/node_modules/color-convert Completed in 558ms
200 timing reifyNode:node_modules/@testing-library/jest-dom/node_modules/color-convert Completed in 557ms
201 timing reifyNode:node_modules/@testing-library/dom/node_modules/chalk Completed in 566ms
202 http fetch GET 200 https://registry.npmjs.org/min-indent/-/min-indent-1.0.1.tgz 552ms (cache miss)
203 timing reifyNode:node_modules/min-indent Completed in 580ms
204 http fetch GET 200 https://registry.npmjs.org/redent/-/redent-3.0.0.tgz 523ms (cache miss)
205 timing reifyNode:node_modules/redent Completed in 584ms
206 http fetch GET 200 https://registry.npmjs.org/strip-indent/-/strip-indent-3.0.0.tgz 631ms (cache miss)
207 timing reifyNode:node_modules/strip-indent Completed in 676ms
208 http fetch GET 200 https://registry.npmjs.org/atob/-/atob-2.1.2.tgz 649ms (cache miss)
209 timing reifyNode:node_modules/atob Completed in 687ms
210 http fetch GET 200 https://registry.npmjs.org/source-map-resolve/-/source-map-resolve-0.6.0.tgz 643ms (cache miss)
211 warn deprecated source-map-resolve@0.6.0: See https://github.com/lydell/source-map-resolve#deprecated
212 timing reifyNode:node_modules/source-map-resolve Completed in 694ms
213 http fetch GET 200 https://registry.npmjs.org/decode-uri-component/-/decode-uri-component-0.2.0.tgz 669ms (cache miss)
214 timing reifyNode:node_modules/decode-uri-component Completed in 704ms
215 http fetch GET 200 https://registry.npmjs.org/css.escape/-/css.escape-1.5.1.tgz 609ms (cache miss)
216 timing reifyNode:node_modules/css.escape Completed in 722ms
217 http fetch GET 200 https://registry.npmjs.org/@types/aria-query/-/aria-query-4.2.2.tgz 568ms (cache miss)
218 timing reifyNode:node_modules/@types/aria-query Completed in 728ms
219 http fetch GET 200 https://registry.npmjs.org/@types/jest/-/jest-27.4.0.tgz 684ms (cache miss)
220 timing reifyNode:node_modules/@types/jest Completed in 742ms
221 http fetch GET 200 https://registry.npmjs.org/@types/testing-library__jest-dom/-/testing-library__jest-dom-5.14.2.tgz 618ms (cache miss)
222 timing reifyNode:node_modules/@types/testing-library__jest-dom Completed in 760ms
223 http fetch GET 200 https://registry.npmjs.org/chalk/-/chalk-3.0.0.tgz 562ms (cache miss)
224 timing reifyNode:node_modules/@testing-library/jest-dom/node_modules/chalk Completed in 767ms
225 http fetch GET 200 https://registry.npmjs.org/css/-/css-3.0.0.tgz 664ms (cache miss)
226 timing reifyNode:node_modules/css Completed in 803ms
227 http fetch GET 200 https://registry.npmjs.org/lz-string/-/lz-string-1.4.4.tgz 780ms (cache miss)
228 timing reifyNode:node_modules/lz-string Completed in 928ms
229 timing reifyNode:node_modules/css/node_modules/source-map Completed in 939ms
230 http fetch GET 200 https://registry.npmjs.org/@testing-library/jest-dom/-/jest-dom-5.16.1.tgz 761ms (cache miss)
231 timing reifyNode:node_modules/@testing-library/jest-dom Completed in 948ms
232 http fetch GET 200 https://registry.npmjs.org/web-vitals/-/web-vitals-2.1.3.tgz 891ms (cache miss)
233 timing reifyNode:node_modules/web-vitals Completed in 1057ms
234 http fetch GET 200 https://registry.npmjs.org/dom-accessibility-api/-/dom-accessibility-api-0.5.10.tgz 915ms (cache miss)
235 timing reifyNode:node_modules/dom-accessibility-api Completed in 1069ms
236 http fetch GET 200 https://registry.npmjs.org/@testing-library/user-event/-/user-event-13.5.0.tgz 955ms (cache miss)
237 timing reifyNode:node_modules/@testing-library/user-event Completed in 1132ms
238 http fetch GET 200 https://registry.npmjs.org/@testing-library/dom/-/dom-8.11.1.tgz 1079ms (cache miss)
239 timing reifyNode:node_modules/@testing-library/dom Completed in 1248ms
240 http fetch GET 200 https://registry.npmjs.org/aria-query/-/aria-query-5.0.0.tgz 1049ms (cache miss)
241 timing reifyNode:node_modules/@testing-library/jest-dom/node_modules/aria-query Completed in 1262ms
242 http fetch GET 200 https://registry.npmjs.org/aria-query/-/aria-query-5.0.0.tgz 1073ms (cache miss)
243 timing reifyNode:node_modules/@testing-library/dom/node_modules/aria-query Completed in 1270ms
244 http fetch GET 200 https://registry.npmjs.org/@testing-library/react/-/react-12.1.2.tgz 1131ms (cache miss)
245 timing reifyNode:node_modules/@testing-library/react Completed in 1311ms
246 timing reify:unpack Completed in 1314ms
247 timing reify:unretire Completed in 1ms
248 timing build:queue Completed in 30ms
249 timing build:link:node_modules/atob Completed in 22ms
250 timing build:link:node_modules/lz-string Completed in 16ms
251 timing build:link Completed in 22ms
252 timing build:deps Completed in 53ms
253 timing build Completed in 53ms
254 timing reify:build Completed in 54ms
255 timing reify:trash Completed in 2ms
256 timing reify:save Completed in 322ms
257 timing reify Completed in 4962ms
258 silly ADD node_modules/min-indent
259 silly ADD node_modules/decode-uri-component
260 silly ADD node_modules/atob
261 silly ADD node_modules/strip-indent
262 silly ADD node_modules/source-map-resolve
263 silly ADD node_modules/@types/jest
264 silly ADD node_modules/redent
265 silly ADD node_modules/css.escape
266 silly ADD node_modules/css
267 silly ADD node_modules/css/node_modules/source-map
268 silly ADD node_modules/@types/testing-library__jest-dom
269 silly ADD node_modules/lz-string
270 silly ADD node_modules/dom-accessibility-api
271 silly ADD node_modules/@types/aria-query
272 silly ADD node_modules/web-vitals
273 silly ADD node_modules/@testing-library/dom
274 silly ADD node_modules/@testing-library/dom/node_modules/has-flag
275 silly ADD node_modules/@testing-library/dom/node_modules/color-name
276 silly ADD node_modules/@testing-library/dom/node_modules/color-convert
277 silly ADD node_modules/@testing-library/dom/node_modules/supports-color
278 silly ADD node_modules/@testing-library/dom/node_modules/ansi-styles
279 silly ADD node_modules/@testing-library/dom/node_modules/chalk
280 silly ADD node_modules/@testing-library/dom/node_modules/aria-query
281 silly ADD node_modules/@testing-library/user-event
282 silly ADD node_modules/@testing-library/react
283 silly ADD node_modules/@testing-library/jest-dom
284 silly ADD node_modules/@testing-library/jest-dom/node_modules/has-flag
285 silly ADD node_modules/@testing-library/jest-dom/node_modules/color-name
286 silly ADD node_modules/@testing-library/jest-dom/node_modules/color-convert
287 silly ADD node_modules/@testing-library/jest-dom/node_modules/supports-color
288 silly ADD node_modules/@testing-library/jest-dom/node_modules/ansi-styles
289 silly ADD node_modules/@testing-library/jest-dom/node_modules/chalk
290 silly ADD node_modules/@testing-library/jest-dom/node_modules/aria-query
291 silly ADD
292 timing command:install Completed in 4974ms
293 verbose exit 0
294 timing npm Completed in 5441ms
295 info ok
